\BOOKMARK [0][-]{chapter.1}{Introduction to Ordinary Differential Equations}{}% 1
\BOOKMARK [1][-]{section.1.1}{Ordinary Differential Equations}{chapter.1}% 2
\BOOKMARK [2][-]{subsection.1.1.1}{Basic Concepts}{section.1.1}% 3
\BOOKMARK [2][-]{subsection.1.1.2}{Mathematical Models}{section.1.1}% 4
\BOOKMARK [1][-]{section.1.2}{Direction Fields}{chapter.1}% 5
\BOOKMARK [2][-]{subsection.1.2.1}{Direction Fields and Solution Curves}{section.1.2}% 6
\BOOKMARK [1][-]{section.1.3}{Separable ODEs and Substitution}{chapter.1}% 7
\BOOKMARK [2][-]{subsection.1.3.1}{Separable ODEs}{section.1.3}% 8
\BOOKMARK [2][-]{subsection.1.3.2}{Substitution Methods}{section.1.3}% 9
\BOOKMARK [1][-]{section.1.4}{First-Order Linear ODEs}{chapter.1}% 10
\BOOKMARK [2][-]{subsection.1.4.1}{Integrating Factors}{section.1.4}% 11
\BOOKMARK [2][-]{subsection.1.4.2}{Applications}{section.1.4}% 12
\BOOKMARK [1][-]{section.1.5}{Existence and Uniqueness of Solutions}{chapter.1}% 13
\BOOKMARK [2][-]{subsection.1.5.1}{Existence and Uniqueness Theorem}{section.1.5}% 14
\BOOKMARK [2][-]{subsection.1.5.2}{Picard Iteration}{section.1.5}% 15
\BOOKMARK [1][-]{section.1.6}{Population Models and Autonomous Equations}{chapter.1}% 16
\BOOKMARK [2][-]{subsection.1.6.1}{Population Equations}{section.1.6}% 17
\BOOKMARK [2][-]{subsection.1.6.2}{The Logistic Equation}{section.1.6}% 18
\BOOKMARK [2][-]{subsection.1.6.3}{Stability of Solutions}{section.1.6}% 19
\BOOKMARK [2][-]{subsection.1.6.4}{Linear Stability Analysis}{section.1.6}% 20
\BOOKMARK [0][-]{chapter.2}{Linear ODEs with Constant Coefficients}{}% 21
\BOOKMARK [1][-]{section.2.1}{Second-Order Linear ODEs}{chapter.2}% 22
\BOOKMARK [2][-]{subsection.2.1.1}{Types of Linear ODEs}{section.2.1}% 23
\BOOKMARK [2][-]{subsection.2.1.2}{Solutions of Second-Order Linear ODEs}{section.2.1}% 24
\BOOKMARK [1][-]{section.2.2}{Homogeneous ODEs with Constant Coefficients}{chapter.2}% 25
\BOOKMARK [1][-]{section.2.3}{Spring-Mass Models}{chapter.2}% 26
\BOOKMARK [2][-]{subsection.2.3.1}{Free Undamped Motion}{section.2.3}% 27
\BOOKMARK [2][-]{subsection.2.3.2}{Free Damped Motion}{section.2.3}% 28
\BOOKMARK [1][-]{section.2.4}{Solutions of Non-homogeneous Equations}{chapter.2}% 29
\BOOKMARK [2][-]{subsection.2.4.1}{The Method of Undetermined Coefficients}{section.2.4}% 30
\BOOKMARK [1][-]{section.2.5}{Forced Oscillations and Resonance}{chapter.2}% 31
\BOOKMARK [2][-]{subsection.2.5.1}{Undamped Systems}{section.2.5}% 32
\BOOKMARK [2][-]{subsection.2.5.2}{Damped Systems}{section.2.5}% 33
\BOOKMARK [0][-]{chapter.3}{Higher Order Linear ODEs}{}% 34
\BOOKMARK [1][-]{section.3.1}{Homogeneous Linear ODEs with Constant Coefficients}{chapter.3}% 35
\BOOKMARK [1][-]{section.3.2}{Non-homogeneous Linear ODEs with Constant Coefficients}{chapter.3}% 36
\BOOKMARK [0][-]{chapter.4}{Systems of Ordinary Differential Equations}{}% 37
\BOOKMARK [1][-]{section.4.1}{Systems of ODEs as Models}{chapter.4}% 38
\BOOKMARK [1][-]{section.4.2}{Constant Coefficient Systems and the Phase Plane}{chapter.4}% 39
\BOOKMARK [2][-]{subsection.4.2.1}{Solutions of x' = Ax}{section.4.2}% 40
\BOOKMARK [2][-]{subsection.4.2.2}{Finding Eigenvalues and Eigenvectors}{section.4.2}% 41
\BOOKMARK [2][-]{subsection.4.2.3}{Solving Matrix ODEs}{section.4.2}% 42
\BOOKMARK [2][-]{subsection.4.2.4}{Applications of Matrix ODEs}{section.4.2}% 43
\BOOKMARK [2][-]{subsection.4.2.5}{The Phase Plane}{section.4.2}% 44
\BOOKMARK [0][-]{chapter.5}{Fourier Analysis}{}% 45
\BOOKMARK [1][-]{section.5.1}{Fourier Series}{chapter.5}% 46
\BOOKMARK [2][-]{subsection.5.1.1}{Periodic Functions}{section.5.1}% 47
\BOOKMARK [2][-]{subsection.5.1.2}{Trigonometric Series and Fourier Series}{section.5.1}% 48
\BOOKMARK [1][-]{section.5.2}{Functions of Arbitrary Period; Even and Odd Extensions}{chapter.5}% 49
\BOOKMARK [2][-]{subsection.5.2.1}{Fourier Series of Functions of Arbitrary Period}{section.5.2}% 50
\BOOKMARK [2][-]{subsection.5.2.2}{Even and Odd Extensions}{section.5.2}% 51
\BOOKMARK [1][-]{section.5.3}{Complex Fourier Series and Parseval's Identity}{chapter.5}% 52
\BOOKMARK [2][-]{subsection.5.3.1}{Complex Fourier Series}{section.5.3}% 53
\BOOKMARK [2][-]{subsection.5.3.2}{Parseval's Identity}{section.5.3}% 54
\BOOKMARK [1][-]{section.5.4}{The Fourier Transform}{chapter.5}% 55
\BOOKMARK [0][-]{chapter.6}{Partial Differential Equations}{}% 56
\BOOKMARK [1][-]{section.6.1}{Basic Concepts}{chapter.6}% 57
\BOOKMARK [2][-]{subsection.6.1.1}{Partial derivatives and PDEs}{section.6.1}% 58
\BOOKMARK [2][-]{subsection.6.1.2}{Linear homogeneous PDEs and the superposition principle}{section.6.1}% 59
\BOOKMARK [2][-]{subsection.6.1.3}{Important PDEs}{section.6.1}% 60
\BOOKMARK [1][-]{section.6.2}{The Wave Equation and Separation of Variables}{chapter.6}% 61
\BOOKMARK [1][-]{section.6.3}{d'Alembert's Solution of the Wave Equation}{chapter.6}% 62
\BOOKMARK [1][-]{section.6.4}{The Heat Equation}{chapter.6}% 63
\BOOKMARK [2][-]{subsection.6.4.1}{Bar with ends fixed at 0}{section.6.4}% 64
\BOOKMARK [0][-]{appendix.A}{GNU Free Documentation License}{}% 65
\BOOKMARK [0][-]{section*.27}{Index}{}% 66
