\BOOKMARK [0][-]{chapter.1}{Limits of Functions}{}% 1
\BOOKMARK [1][-]{section.1.1}{The Limit of a Function}{chapter.1}% 2
\BOOKMARK [2][-]{subsection.1.1.1}{Motivating Limits}{section.1.1}% 3
\BOOKMARK [1][-]{section.1.2}{Computing Limits}{chapter.1}% 4
\BOOKMARK [2][-]{subsection.1.2.1}{The Limit Laws}{section.1.2}% 5
\BOOKMARK [1][-]{section.1.3}{Continuity}{chapter.1}% 6
\BOOKMARK [1][-]{section.1.4}{Limits Involving Infinity}{chapter.1}% 7
\BOOKMARK [2][-]{subsection.1.4.1}{Limits Involving Vertical Asymptotes}{section.1.4}% 8
\BOOKMARK [2][-]{subsection.1.4.2}{Limits at Infinity}{section.1.4}% 9
\BOOKMARK [0][-]{chapter.2}{Derivatives}{}% 10
\BOOKMARK [1][-]{section.2.1}{The Definition of the Derivative}{chapter.2}% 11
\BOOKMARK [2][-]{subsection.2.1.1}{Tangent Lines}{section.2.1}% 12
\BOOKMARK [2][-]{subsection.2.1.2}{The Derivative}{section.2.1}% 13
\BOOKMARK [1][-]{section.2.2}{The Derivative as a Function}{chapter.2}% 14
\BOOKMARK [2][-]{subsection.2.2.1}{The Derivative Function}{section.2.2}% 15
\BOOKMARK [2][-]{subsection.2.2.2}{Higher Order Derivatives}{section.2.2}% 16
\BOOKMARK [1][-]{section.2.3}{Differentiation Formulas}{chapter.2}% 17
\BOOKMARK [2][-]{subsection.2.3.1}{The Power Rule and Trigonometric Derivatives}{section.2.3}% 18
\BOOKMARK [2][-]{subsection.2.3.2}{Derivatives of Sums and Constant Multiples}{section.2.3}% 19
\BOOKMARK [1][-]{section.2.4}{Product and Quotient Rules}{chapter.2}% 20
\BOOKMARK [2][-]{subsection.2.4.1}{Product Rule}{section.2.4}% 21
\BOOKMARK [2][-]{subsection.2.4.2}{The Quotient Rule}{section.2.4}% 22
\BOOKMARK [1][-]{section.2.5}{The Chain Rule}{chapter.2}% 23
\BOOKMARK [1][-]{section.2.6}{Implicit Differentiation}{chapter.2}% 24
\BOOKMARK [1][-]{section.2.7}{Related Rates}{chapter.2}% 25
\BOOKMARK [1][-]{section.2.8}{Linear Approximations}{chapter.2}% 26
\BOOKMARK [0][-]{chapter.3}{Inverse Functions}{}% 27
\BOOKMARK [1][-]{section.3.1}{Exponential Functions}{chapter.3}% 28
\BOOKMARK [1][-]{section.3.2}{Logarithms}{chapter.3}% 29
\BOOKMARK [2][-]{subsection.3.2.1}{Inverse Function Review}{section.3.2}% 30
\BOOKMARK [2][-]{subsection.3.2.2}{Calculus with Inverse Functions}{section.3.2}% 31
\BOOKMARK [2][-]{subsection.3.2.3}{Logarithms}{section.3.2}% 32
\BOOKMARK [1][-]{section.3.3}{Derivatives of Exponential and Logarithmic Functions}{chapter.3}% 33
\BOOKMARK [2][-]{subsection.3.3.1}{Derivatives of Exponentials}{section.3.3}% 34
\BOOKMARK [2][-]{subsection.3.3.2}{Derivatives of Logarithms}{section.3.3}% 35
\BOOKMARK [1][-]{section.3.4}{Exponential Models}{chapter.3}% 36
\BOOKMARK [2][-]{subsection.3.4.1}{Exponential Growth}{section.3.4}% 37
\BOOKMARK [2][-]{subsection.3.4.2}{Exponential Decay}{section.3.4}% 38
\BOOKMARK [1][-]{section.3.5}{Inverse Trigonometric Functions}{chapter.3}% 39
\BOOKMARK [1][-]{section.3.6}{L'Hospital's Rule}{chapter.3}% 40
\BOOKMARK [0][-]{chapter.4}{Applications of Differentiation}{}% 41
\BOOKMARK [1][-]{section.4.1}{Extreme Values of Functions}{chapter.4}% 42
\BOOKMARK [1][-]{section.4.2}{The Mean Value Theorem}{chapter.4}% 43
\BOOKMARK [2][-]{subsection.4.2.1}{Rolle's Theorem}{section.4.2}% 44
\BOOKMARK [2][-]{subsection.4.2.2}{The Mean Value Theorem}{section.4.2}% 45
\BOOKMARK [1][-]{section.4.3}{Derivatives and Graphs}{chapter.4}% 46
\BOOKMARK [1][-]{section.4.4}{Optimization Problems}{chapter.4}% 47
\BOOKMARK [1][-]{section.4.5}{Newton's Method}{chapter.4}% 48
\BOOKMARK [1][-]{section.4.6}{Antiderivatives}{chapter.4}% 49
\BOOKMARK [0][-]{chapter.5}{Integrals}{}% 50
\BOOKMARK [1][-]{section.5.1}{Areas Under Curves}{chapter.5}% 51
\BOOKMARK [1][-]{section.5.2}{The Definite Integral}{chapter.5}% 52
\BOOKMARK [1][-]{section.5.3}{Evaluating Integrals}{chapter.5}% 53
\BOOKMARK [1][-]{section.5.4}{The Fundamental Theorem of Calculus}{chapter.5}% 54
\BOOKMARK [1][-]{section.5.5}{Substitution}{chapter.5}% 55
\BOOKMARK [0][-]{chapter.6}{Techniques of Integration}{}% 56
\BOOKMARK [1][-]{section.6.1}{Integration by Parts}{chapter.6}% 57
\BOOKMARK [1][-]{section.6.2}{Trigonometric Integrals and Substitution}{chapter.6}% 58
\BOOKMARK [2][-]{subsection.6.2.1}{Integrals Involving Powers of Sine and Cosine}{section.6.2}% 59
\BOOKMARK [2][-]{subsection.6.2.2}{Integrals Involving Powers of Secant and Tangent}{section.6.2}% 60
\BOOKMARK [2][-]{subsection.6.2.3}{Trigonometric Substitutions}{section.6.2}% 61
\BOOKMARK [1][-]{section.6.3}{Partial Fractions}{chapter.6}% 62
\BOOKMARK [1][-]{section.6.4}{Improper Integrals}{chapter.6}% 63
\BOOKMARK [2][-]{subsection.6.4.1}{Improper Integrals over Infinite Intervals}{section.6.4}% 64
\BOOKMARK [2][-]{subsection.6.4.2}{Improper Integrals with Discontinuous Integrands}{section.6.4}% 65
\BOOKMARK [2][-]{subsection.6.4.3}{Comparison Tests for Improper Integrals}{section.6.4}% 66
\BOOKMARK [0][-]{chapter.7}{Applications of Integration}{}% 67
\BOOKMARK [1][-]{section.7.1}{Areas Between Curves}{chapter.7}% 68
\BOOKMARK [1][-]{section.7.2}{Volumes}{chapter.7}% 69
\BOOKMARK [1][-]{section.7.3}{Volumes by Cylindrical Shells}{chapter.7}% 70
\BOOKMARK [1][-]{section.7.4}{Arc Length}{chapter.7}% 71
\BOOKMARK [1][-]{section.7.5}{Area of a Surface of Revolution}{chapter.7}% 72
\BOOKMARK [1][-]{section.7.6}{Applications to Physics and Engineering}{chapter.7}% 73
\BOOKMARK [2][-]{subsection.7.6.1}{Work}{section.7.6}% 74
\BOOKMARK [2][-]{subsection.7.6.2}{Moments and Centers of Mass}{section.7.6}% 75
\BOOKMARK [1][-]{section.7.7}{Differential Equations}{chapter.7}% 76
\BOOKMARK [2][-]{subsection.7.7.1}{Basic Concepts}{section.7.7}% 77
\BOOKMARK [2][-]{subsection.7.7.2}{Separable Equations}{section.7.7}% 78
\BOOKMARK [2][-]{subsection.7.7.3}{Population Equations}{section.7.7}% 79
\BOOKMARK [2][-]{subsection.7.7.4}{The Logistic Equation}{section.7.7}% 80
\BOOKMARK [2][-]{subsection.7.7.5}{Stability of Solutions}{section.7.7}% 81
\BOOKMARK [2][-]{subsection.7.7.6}{Linear Stability Analysis}{section.7.7}% 82
\BOOKMARK [1][-]{section.7.8}{MyOpenMath problems}{chapter.7}% 83
\BOOKMARK [0][-]{chapter.8}{Parametric Equations and Polar Coordinates}{}% 84
\BOOKMARK [1][-]{section.8.1}{Parametric Equations}{chapter.8}% 85
\BOOKMARK [1][-]{section.8.2}{Calculus and Parametric Curves}{chapter.8}% 86
\BOOKMARK [2][-]{subsection.8.2.1}{Tangent Lines}{section.8.2}% 87
\BOOKMARK [2][-]{subsection.8.2.2}{Area Under Parametric Curves}{section.8.2}% 88
\BOOKMARK [2][-]{subsection.8.2.3}{Arc Length}{section.8.2}% 89
\BOOKMARK [1][-]{section.8.3}{Polar Coordinates}{chapter.8}% 90
\BOOKMARK [2][-]{subsection.8.3.1}{Introducing Polar Coordinates}{section.8.3}% 91
\BOOKMARK [2][-]{subsection.8.3.2}{Converting Coordinates}{section.8.3}% 92
\BOOKMARK [2][-]{subsection.8.3.3}{Polar Curves}{section.8.3}% 93
\BOOKMARK [2][-]{subsection.8.3.4}{Cartesian to Polar Method}{section.8.3}% 94
\BOOKMARK [1][-]{section.8.4}{Calculus and Polar Coordinates}{chapter.8}% 95
\BOOKMARK [2][-]{subsection.8.4.1}{Areas of Polar Curves}{section.8.4}% 96
\BOOKMARK [2][-]{subsection.8.4.2}{Arc Length in Polar Coordinates}{section.8.4}% 97
\BOOKMARK [0][-]{chapter.9}{Vectors and Euclidean Space}{}% 98
\BOOKMARK [1][-]{section.9.1}{Coordinates in 3-Space}{chapter.9}% 99
\BOOKMARK [2][-]{subsection.9.1.1}{xyz-coordinates}{section.9.1}% 100
\BOOKMARK [2][-]{subsection.9.1.2}{The Distance Formula}{section.9.1}% 101
\BOOKMARK [1][-]{section.9.2}{Vectors}{chapter.9}% 102
\BOOKMARK [2][-]{subsection.9.2.1}{Addition and Scalar Multiplication}{section.9.2}% 103
\BOOKMARK [2][-]{subsection.9.2.2}{Vector Components}{section.9.2}% 104
\BOOKMARK [2][-]{subsection.9.2.3}{Basis Vectors and Unit Vectors}{section.9.2}% 105
\BOOKMARK [2][-]{subsection.9.2.4}{Applications}{section.9.2}% 106
\BOOKMARK [1][-]{section.9.3}{The Dot Product}{chapter.9}% 107
\BOOKMARK [2][-]{subsection.9.3.1}{Definition and Properties of the Dot Product}{section.9.3}% 108
\BOOKMARK [2][-]{subsection.9.3.2}{Projections}{section.9.3}% 109
\BOOKMARK [1][-]{section.9.4}{The Cross Product}{chapter.9}% 110
\BOOKMARK [2][-]{subsection.9.4.1}{Definition and Properties of the Cross Product}{section.9.4}% 111
\BOOKMARK [2][-]{subsection.9.4.2}{Torque}{section.9.4}% 112
\BOOKMARK [1][-]{section.9.5}{Equations of Lines and Planes}{chapter.9}% 113
\BOOKMARK [2][-]{subsection.9.5.1}{Equations of Lines}{section.9.5}% 114
\BOOKMARK [2][-]{subsection.9.5.2}{Equations of Planes}{section.9.5}% 115
\BOOKMARK [1][-]{section.9.6}{Cylinders and Quadric Surfaces}{chapter.9}% 116
\BOOKMARK [2][-]{subsection.9.6.1}{Cylinders}{section.9.6}% 117
\BOOKMARK [2][-]{subsection.9.6.2}{Quadric Surfaces}{section.9.6}% 118
\BOOKMARK [1][-]{section.9.7}{Vector Functions}{chapter.9}% 119
\BOOKMARK [2][-]{subsection.9.7.1}{Limits with Space Curves}{section.9.7}% 120
\BOOKMARK [2][-]{subsection.9.7.2}{Derivatives with Space Curves}{section.9.7}% 121
\BOOKMARK [2][-]{subsection.9.7.3}{Integrals with Space Curves}{section.9.7}% 122
\BOOKMARK [1][-]{section.9.8}{Arc Length and Curvature}{chapter.9}% 123
\BOOKMARK [2][-]{subsection.9.8.1}{Arc Length}{section.9.8}% 124
\BOOKMARK [2][-]{subsection.9.8.2}{Curvature}{section.9.8}% 125
\BOOKMARK [2][-]{subsection.9.8.3}{Normal and Binormal Vectors}{section.9.8}% 126
\BOOKMARK [1][-]{section.9.9}{Motion in Space}{chapter.9}% 127
\BOOKMARK [0][-]{chapter.10}{Partial Derivatives}{}% 128
\BOOKMARK [1][-]{section.10.1}{Functions of Several Independent Variables}{chapter.10}% 129
\BOOKMARK [2][-]{subsection.10.1.1}{Functions of Two Variables}{section.10.1}% 130
\BOOKMARK [2][-]{subsection.10.1.2}{Contour Plots}{section.10.1}% 131
\BOOKMARK [1][-]{section.10.2}{Limits and Continuity}{chapter.10}% 132
\BOOKMARK [2][-]{subsection.10.2.1}{Limits}{section.10.2}% 133
\BOOKMARK [2][-]{subsection.10.2.2}{Continuous Functions}{section.10.2}% 134
\BOOKMARK [1][-]{section.10.3}{Partial Derivatives}{chapter.10}% 135
\BOOKMARK [1][-]{section.10.4}{Tangent Planes and Linear Approximations}{chapter.10}% 136
\BOOKMARK [2][-]{subsection.10.4.1}{Tangent Planes}{section.10.4}% 137
\BOOKMARK [2][-]{subsection.10.4.2}{Linear Approximations}{section.10.4}% 138
\BOOKMARK [1][-]{section.10.5}{The Chain Rule in Several Variables}{chapter.10}% 139
\BOOKMARK [1][-]{section.10.6}{Directional Derivatives and Gradients}{chapter.10}% 140
\BOOKMARK [2][-]{subsection.10.6.1}{The Directional Derivative}{section.10.6}% 141
\BOOKMARK [2][-]{subsection.10.6.2}{Gradients}{section.10.6}% 142
\BOOKMARK [1][-]{section.10.7}{Extreme Values}{chapter.10}% 143
\BOOKMARK [2][-]{subsection.10.7.1}{Local Maxima and Minima}{section.10.7}% 144
\BOOKMARK [2][-]{subsection.10.7.2}{Absolute Maxima and Minima}{section.10.7}% 145
\BOOKMARK [1][-]{section.10.8}{Lagrange Multipliers}{chapter.10}% 146
\BOOKMARK [0][-]{chapter.11}{Multiple Integrals}{}% 147
\BOOKMARK [1][-]{section.11.1}{Double Integrals over Rectangles}{chapter.11}% 148
\BOOKMARK [2][-]{subsection.11.1.1}{Riemann Sums}{section.11.1}% 149
\BOOKMARK [2][-]{subsection.11.1.2}{Fubini's Theorem}{section.11.1}% 150
\BOOKMARK [1][-]{section.11.2}{Double Integrals over General Regions}{chapter.11}% 151
\BOOKMARK [1][-]{section.11.3}{Double Integrals in Polar Coordinates}{chapter.11}% 152
\BOOKMARK [1][-]{section.11.4}{Applications of Double Integrals}{chapter.11}% 153
\BOOKMARK [2][-]{subsection.11.4.1}{Mass}{section.11.4}% 154
\BOOKMARK [1][-]{section.11.5}{Triple Integrals}{chapter.11}% 155
\BOOKMARK [1][-]{section.11.6}{Cylindrical Coordinates}{chapter.11}% 156
\BOOKMARK [0][-]{appendix.A}{GNU Free Documentation License}{}% 157
\BOOKMARK [0][-]{section*.64}{Index}{}% 158
